<?xml version="1.0" encoding="UTF-8"?>
<coverage generated="1720610278">
  <project timestamp="1720610278">
    <file name="/home/skoczek/PhpProjects/pragmago/src/Controller/FeeCalculator.php">
      <class name="PragmaGoTech\Interview\Controller\FeeCalculator" namespace="global">
        <metrics complexity="3" methods="2" coveredmethods="2" conditionals="0" coveredconditionals="0" statements="7" coveredstatements="7" elements="9" coveredelements="9"/>
      </class>
      <line num="17" type="method" name="__construct" visibility="public" complexity="1" crap="1" count="2"/>
      <line num="22" type="stmt" count="2"/>
      <line num="23" type="stmt" count="2"/>
      <line num="24" type="stmt" count="2"/>
      <line num="32" type="method" name="calculateFee" visibility="public" complexity="2" crap="2" count="2"/>
      <line num="34" type="stmt" count="2"/>
      <line num="36" type="stmt" count="2"/>
      <line num="37" type="stmt" count="1"/>
      <line num="39" type="stmt" count="1"/>
      <metrics loc="43" ncloc="38" classes="1" methods="2" coveredmethods="2" conditionals="0" coveredconditionals="0" statements="7" coveredstatements="7" elements="9" coveredelements="9"/>
    </file>
    <file name="/home/skoczek/PhpProjects/pragmago/src/Controller/FeeCalculatorInterface.php">
      <metrics loc="16" ncloc="11" classes="0" methods="0" coveredmethods="0" conditionals="0" coveredconditionals="0" statements="0" coveredstatements="0" elements="0" coveredelements="0"/>
    </file>
    <file name="/home/skoczek/PhpProjects/pragmago/src/Model/FeeRule.php">
      <class name="PragmaGoTech\Interview\Model\FeeRule" namespace="global">
        <metrics complexity="5" methods="5" coveredmethods="4" conditionals="0" coveredconditionals="0" statements="6" coveredstatements="5" elements="11" coveredelements="9"/>
      </class>
      <line num="13" type="method" name="__construct" visibility="public" complexity="1" crap="1" count="4"/>
      <line num="15" type="stmt" count="4"/>
      <line num="16" type="stmt" count="4"/>
      <line num="24" type="method" name="amount" visibility="public" complexity="1" crap="2" count="0"/>
      <line num="26" type="stmt" count="0"/>
      <line num="34" type="method" name="centesimalAmount" visibility="public" complexity="1" crap="1" count="4"/>
      <line num="36" type="stmt" count="4"/>
      <line num="44" type="method" name="fee" visibility="public" complexity="1" crap="1" count="5"/>
      <line num="46" type="stmt" count="5"/>
      <line num="54" type="method" name="centesimalFee" visibility="public" complexity="1" crap="1" count="3"/>
      <line num="56" type="stmt" count="3"/>
      <metrics loc="59" ncloc="39" classes="1" methods="5" coveredmethods="4" conditionals="0" coveredconditionals="0" statements="6" coveredstatements="5" elements="11" coveredelements="9"/>
    </file>
    <file name="/home/skoczek/PhpProjects/pragmago/src/Model/LoanProposal.php">
      <class name="PragmaGoTech\Interview\Model\LoanProposal" namespace="global">
        <metrics complexity="14" methods="8" coveredmethods="8" conditionals="0" coveredconditionals="0" statements="17" coveredstatements="17" elements="25" coveredelements="25"/>
      </class>
      <line num="29" type="method" name="__construct" visibility="public" complexity="1" crap="1" count="12"/>
      <line num="31" type="stmt" count="12"/>
      <line num="32" type="stmt" count="5"/>
      <line num="33" type="stmt" count="5"/>
      <line num="39" type="method" name="validate" visibility="protected" complexity="1" crap="1" count="12"/>
      <line num="41" type="stmt" count="12"/>
      <line num="42" type="stmt" count="9"/>
      <line num="43" type="stmt" count="8"/>
      <line num="46" type="method" name="validateLoanAmount" visibility="protected" complexity="4" crap="4" count="12"/>
      <line num="49" type="stmt" count="12"/>
      <line num="50" type="stmt" count="10"/>
      <line num="51" type="stmt" count="12"/>
      <line num="53" type="stmt" count="3"/>
      <line num="57" type="method" name="validateNumberOfDecimalDigits" visibility="protected" complexity="2" crap="2" count="9"/>
      <line num="59" type="stmt" count="9"/>
      <line num="60" type="stmt" count="1"/>
      <line num="64" type="method" name="validateLoanTerm" visibility="protected" complexity="3" crap="3" count="8"/>
      <line num="66" type="stmt" count="8"/>
      <line num="67" type="stmt" count="3"/>
      <line num="77" type="method" name="term" visibility="public" complexity="1" crap="1" count="2"/>
      <line num="79" type="stmt" count="2"/>
      <line num="87" type="method" name="amount" visibility="public" complexity="1" crap="1" count="2"/>
      <line num="89" type="stmt" count="2"/>
      <line num="97" type="method" name="centesimalAmount" visibility="public" complexity="1" crap="1" count="6"/>
      <line num="99" type="stmt" count="6"/>
      <metrics loc="102" ncloc="78" classes="1" methods="8" coveredmethods="8" conditionals="0" coveredconditionals="0" statements="17" coveredstatements="17" elements="25" coveredelements="25"/>
    </file>
    <file name="/home/skoczek/PhpProjects/pragmago/src/Repository/FeeRepository.php">
      <class name="PragmaGoTech\Interview\Repository\FeeRepository" namespace="global">
        <metrics complexity="6" methods="3" coveredmethods="3" conditionals="0" coveredconditionals="0" statements="18" coveredstatements="18" elements="21" coveredelements="21"/>
      </class>
      <line num="24" type="method" name="getFeeRules" visibility="public" complexity="2" crap="2" count="5"/>
      <line num="26" type="stmt" count="5"/>
      <line num="27" type="stmt" count="5"/>
      <line num="28" type="stmt" count="5"/>
      <line num="29" type="stmt" count="4"/>
      <line num="31" type="stmt" count="4"/>
      <line num="33" type="stmt" count="4"/>
      <line num="43" type="method" name="readFeeRulesFile" visibility="private" complexity="1" crap="1" count="5"/>
      <line num="45" type="stmt" count="5"/>
      <line num="46" type="stmt" count="3"/>
      <line num="47" type="stmt" count="2"/>
      <line num="48" type="stmt" count="5"/>
      <line num="49" type="stmt" count="5"/>
      <line num="59" type="method" name="formatFeeRule" visibility="private" complexity="3" crap="3" count="5"/>
      <line num="61" type="stmt" count="5"/>
      <line num="63" type="stmt" count="5"/>
      <line num="64" type="stmt" count="5"/>
      <line num="65" type="stmt" count="5"/>
      <line num="66" type="stmt" count="1"/>
      <line num="68" type="stmt" count="4"/>
      <line num="70" type="stmt" count="4"/>
      <metrics loc="73" ncloc="51" classes="1" methods="3" coveredmethods="3" conditionals="0" coveredconditionals="0" statements="18" coveredstatements="18" elements="21" coveredelements="21"/>
    </file>
    <file name="/home/skoczek/PhpProjects/pragmago/src/Repository/FeeRepositoryInterface.php">
      <metrics loc="20" ncloc="13" classes="0" methods="0" coveredmethods="0" conditionals="0" coveredconditionals="0" statements="0" coveredstatements="0" elements="0" coveredelements="0"/>
    </file>
    <file name="/home/skoczek/PhpProjects/pragmago/src/Service/FeeCalculator.php">
      <class name="PragmaGoTech\Interview\Service\FeeCalculator" namespace="global">
        <metrics complexity="4" methods="3" coveredmethods="3" conditionals="0" coveredconditionals="0" statements="14" coveredstatements="14" elements="17" coveredelements="17"/>
      </class>
      <line num="20" type="method" name="__construct" visibility="public" complexity="1" crap="1" count="3"/>
      <line num="22" type="stmt" count="3"/>
      <line num="33" type="method" name="calculateFee" visibility="public" complexity="1" crap="1" count="3"/>
      <line num="35" type="stmt" count="3"/>
      <line num="37" type="stmt" count="3"/>
      <line num="38" type="stmt" count="3"/>
      <line num="39" type="stmt" count="3"/>
      <line num="40" type="stmt" count="3"/>
      <line num="42" type="stmt" count="3"/>
      <line num="44" type="stmt" count="3"/>
      <line num="47" type="stmt" count="3"/>
      <line num="58" type="method" name="roundFee" visibility="private" complexity="2" crap="2" count="3"/>
      <line num="60" type="stmt" count="3"/>
      <line num="62" type="stmt" count="3"/>
      <line num="63" type="stmt" count="1"/>
      <line num="65" type="stmt" count="2"/>
      <line num="66" type="stmt" count="2"/>
      <metrics loc="70" ncloc="50" classes="1" methods="3" coveredmethods="3" conditionals="0" coveredconditionals="0" statements="14" coveredstatements="14" elements="17" coveredelements="17"/>
    </file>
    <file name="/home/skoczek/PhpProjects/pragmago/src/Service/FeeCalculatorInterface.php">
      <metrics loc="16" ncloc="13" classes="0" methods="0" coveredmethods="0" conditionals="0" coveredconditionals="0" statements="0" coveredstatements="0" elements="0" coveredelements="0"/>
    </file>
    <file name="/home/skoczek/PhpProjects/pragmago/src/Service/Math.php">
      <class name="PragmaGoTech\Interview\Service\Math" namespace="global">
        <metrics complexity="8" methods="3" coveredmethods="3" conditionals="0" coveredconditionals="0" statements="17" coveredstatements="17" elements="20" coveredelements="20"/>
      </class>
      <line num="24" type="method" name="interpolate" visibility="public" complexity="1" crap="1" count="3"/>
      <line num="26" type="stmt" count="3"/>
      <line num="27" type="stmt" count="3"/>
      <line num="38" type="method" name="findClosestValues" visibility="public" complexity="3" crap="3" count="6"/>
      <line num="40" type="stmt" count="6"/>
      <line num="41" type="stmt" count="3"/>
      <line num="42" type="stmt" count="3"/>
      <line num="43" type="stmt" count="1"/>
      <line num="46" type="stmt" count="2"/>
      <line num="49" type="stmt" count="2"/>
      <line num="50" type="stmt" count="2"/>
      <line num="53" type="stmt" count="2"/>
      <line num="54" type="stmt" count="2"/>
      <line num="56" type="stmt" count="2"/>
      <line num="67" type="method" name="getClosest" visibility="private" complexity="4" crap="4" count="2"/>
      <line num="69" type="stmt" count="2"/>
      <line num="70" type="stmt" count="2"/>
      <line num="71" type="stmt" count="2"/>
      <line num="72" type="stmt" count="2"/>
      <line num="75" type="stmt" count="2"/>
      <metrics loc="78" ncloc="49" classes="1" methods="3" coveredmethods="3" conditionals="0" coveredconditionals="0" statements="17" coveredstatements="17" elements="20" coveredelements="20"/>
    </file>
    <metrics files="9" loc="477" ncloc="342" classes="6" methods="24" coveredmethods="23" conditionals="0" coveredconditionals="0" statements="79" coveredstatements="78" elements="103" coveredelements="101"/>
  </project>
</coverage>
